Executing query for: [%mi%]
ERROR: SQLSTATE[HY093]: Invalid parameter number
Executing query for: [%mig%]
ERROR: SQLSTATE[HY093]: Invalid parameter number
Executing query for: [%migu%]
ERROR: SQLSTATE[HY093]: Invalid parameter number
Executing query for: [%migue%]
ERROR: SQLSTATE[HY093]: Invalid parameter number
Executing query for: [%miguel%]
ERROR: SQLSTATE[HY093]: Invalid parameter number
Executing query for: [%mi%]
Found: 1 results
Executing query for: [%mig%]
Found: 1 results
Executing query for: [%migu%]
Found: 1 results
Executing query for: [%migue%]
Found: 1 results
Executing query for: [%miguel%]
Found: 1 results
Executing query for: [%al%]
Found: 0 results
Executing query for: [%ali%]
Found: 0 results
Executing query for: [%alic%]
Found: 0 results
Executing query for: [%alice%]
Found: 0 results
Executing query for: [%Al%]
Found: 0 results
Executing query for: [%Ali%]
Found: 0 results
Executing query for: [%Alic%]
Found: 0 results
Executing query for: [%Alice%]
Found: 0 results
Executing query for: [%Alic%]
Found: 0 results
Executing query for: [%Ali%]
Found: 0 results
Executing query for: [%Al%]
Found: 0 results
Executing query for: [%al%]
Found: 0 results
Executing query for: [%ali%]
Found: 0 results
Executing query for: [%alic%]
Found: 0 results
Executing query for: [%alice%]
Found: 0 results
Executing query for: [%alic%]
Found: 0 results
Executing query for: [%ali%]
Found: 0 results
Executing query for: [%al%]
Found: 0 results
Executing query for: [%bo%]
Found: 1 results
Executing query for: [%bob%]
Found: 1 results
Executing query for: [%bo%]
Found: 1 results
Executing query for: [%ch%]
Found: 1 results
Executing query for: [%cha%]
Found: 1 results
Executing query for: [%ch%]
Found: 1 results
Executing query for: [%al%]
Found: 0 results
Executing query for: [%ale%]
Found: 0 results
Executing query for: [%al%]
Found: 0 results
Executing query for: [%ali%]
Found: 0 results
Executing query for: [%alic%]
Found: 0 results
Executing query for: [%alice%]
Found: 0 results
Executing query for: [%ma%]
Found: 2 results
Executing query for: [%mar%]
Found: 1 results
Executing query for: [%mari%]
Found: 1 results
Executing query for: [%maria%]
Found: 1 results
Executing query for: [%mari%]
Found: 1 results
Executing query for: [%mar%]
Found: 1 results
Executing query for: [%ma%]
Found: 2 results
Executing query for: [%mi%]
Found: 1 results
Executing query for: [%al%]
Found: 0 results
Executing query for: [%ali%]
Found: 0 results
Executing query for: [%alic%]
Found: 0 results
Executing query for: [%alice%]
Found: 0 results
Executing query for: [%alic%]
Found: 0 results
Executing query for: [%ali%]
Found: 0 results
Executing query for: [%al%]
Found: 0 results
Executing query for: [%al%]
Found: 0 results
Executing query for: [%ali%]
Found: 0 results
Executing query for: [%alic%]
Found: 0 results
Executing query for: [%alice%]
Found: 0 results
Executing query for: [%alice@example.com%]
Found: 0 results
Executing query for: [%mi%]
Found: 1 results
Executing query for: [%al%]
Found: 0 results
Executing query for: [%ali%]
Found: 0 results
Executing query for: [%alic%]
Found: 0 results
Executing query for: [%alice%]
Found: 0 results
Executing query for: [%alic%]
Found: 0 results
Executing query for: [%ali%]
Found: 0 results
Executing query for: [%al%]
Found: 0 results
Executing query for: [%mi%]
Found: 1 results
Executing query for: [%bo%]
Found: 1 results
Executing query for: [%bob%]
Found: 1 results
