Search Term: [mi] - UserID: 1
Search Term: [mig] - UserID: 1
Search Term: [migu] - UserID: 1
Search Term: [migue] - UserID: 1
Search Term: [miguel] - UserID: 1
Search Term: [añ] - UserID: 1
Search Term: [al] - UserID: 1
Search Term: [ali] - UserID: 1
Search Term: [alic] - UserID: 1
Search Term: [alice] - UserID: 1
Search Term: [alic] - UserID: 1
Search Term: [ali] - UserID: 1
Search Term: [al] - UserID: 1
Search Term: [al] - UserID: 1
Search Term: [ali] - UserID: 1
Search Term: [alic] - UserID: 1
Search Term: [alice] - UserID: 1
Search Term: [mi] - UserID: 1
Search Term: [mig] - UserID: 1
Search Term: [mige] - UserID: 1
Search Term: [mig] - UserID: 1
Search Term: [migu] - UserID: 1
Search Term: [migue] - UserID: 1
Search Term: [miguel] - UserID: 1
Search Term: [al] - UserID: 1
Search Term: [ali] - UserID: 1
Search Term: [alic] - UserID: 1
Search Term: [alice] - UserID: 1
Search Term: [mi] - UserID: 1
Search Term: [mig] - UserID: 1
Search Term: [migu] - UserID: 1
Search Term: [migue] - UserID: 1
Search Term: [miguel] - UserID: 1
Search Term: [mi] - UserID: 1
Search Term: [mig] - UserID: 1
Search Term: [migu] - UserID: 1
Search Term: [migue] - UserID: 1
Search Term: [miguel] - UserID: 1
Search Term: [mi] - UserID: 1
Search Term: [mig] - UserID: 1
Search Term: [migu] - UserID: 1
Search Term: [migue] - UserID: 1
Search Term: [miguel] - UserID: 1
Search Term: [al] - UserID: 1
Search Term: [ali] - UserID: 1
Search Term: [alic] - UserID: 1
Search Term: [alice] - UserID: 1
Search Term: [Al] - UserID: 1
Search Term: [Ali] - UserID: 1
Search Term: [Alic] - UserID: 1
Search Term: [Alice] - UserID: 1
Search Term: [Alic] - UserID: 1
Search Term: [Ali] - UserID: 1
Search Term: [Al] - UserID: 1
Search Term: [al] - UserID: 1
Search Term: [ali] - UserID: 1
Search Term: [alic] - UserID: 1
Search Term: [alice] - UserID: 1
Search Term: [alic] - UserID: 1
Search Term: [ali] - UserID: 1
Search Term: [al] - UserID: 1
Search Term: [bo] - UserID: 1
Search Term: [bob] - UserID: 1
Search Term: [bo] - UserID: 1
Search Term: [ch] - UserID: 1
Search Term: [cha] - UserID: 1
Search Term: [ch] - UserID: 1
Search Term: [al] - UserID: 1
Search Term: [ale] - UserID: 1
Search Term: [al] - UserID: 1
Search Term: [ali] - UserID: 1
Search Term: [alic] - UserID: 1
Search Term: [alice] - UserID: 1
Search Term: [ma] - UserID: 1
Search Term: [mar] - UserID: 1
Search Term: [mari] - UserID: 1
Search Term: [maria] - UserID: 1
Search Term: [mari] - UserID: 1
Search Term: [mar] - UserID: 1
Search Term: [ma] - UserID: 1
Search Term: [mi] - UserID: 1
Search Term: [al] - UserID: 1
Search Term: [ali] - UserID: 1
Search Term: [alic] - UserID: 1
Search Term: [alice] - UserID: 1
Search Term: [alic] - UserID: 1
Search Term: [ali] - UserID: 1
Search Term: [al] - UserID: 1
Search Term: [al] - UserID: 1
Search Term: [ali] - UserID: 1
Search Term: [alic] - UserID: 1
Search Term: [alice] - UserID: 1
Search Term: [alice@example.com] - UserID: 1
Search Term: [mi] - UserID: 1
Search Term: [al] - UserID: 1
Search Term: [ali] - UserID: 1
Search Term: [alic] - UserID: 1
Search Term: [alice] - UserID: 1
Search Term: [alic] - UserID: 1
Search Term: [ali] - UserID: 1
Search Term: [al] - UserID: 1
Search Term: [mi] - UserID: 1
